
> mk-hatch-pilot@1.0.0 web
> expo start --web

env: load .env
env: export EXPO_PUBLIC_FIREBASE_API_KEY EXPO_PUBLIC_FIREBASE_AUTH_DOMAIN EXPO_PUBLIC_FIREBASE_PROJECT_ID EXPO_PUBLIC_FIREBASE_STORAGE_BUCKET EXPO_PUBLIC_FIREBASE_MESSAGING_SENDER_ID EXPO_PUBLIC_FIREBASE_APP_ID EXPO_PUBLIC_GOOGLE_IOS_CLIENT_ID EXPO_PUBLIC_GOOGLE_WEB_CLIENT_ID EXPO_PUBLIC_MEEKYCART_BASE_URL
Starting project at C:\Users\Me\Documents\Personal Projects\Hatch Pilot\mk-hatch-pilot
Starting Metro Bundler
Waiting on http://localhost:8081
Logs for your project will appear below.
Web .\index.ts ▓▓▓▓▓▓▓▓▓▓▓▓▓▓▓░ 95.6% (219/224)
Web .\index.ts ▓▓▓▓▓▓▓▓▓▓▓▓▓▓▓░ 99.1% (229/230)
Web .\index.ts ▓▓▓▓▓▓▓▓▓▓▓▓▓▓▓░ 99.9% (230/230)
Web Bundled 6397ms index.ts (445 modules)
 LOG  [web] Logs will appear in the browser console
Web .\index.ts ░░░░░░░░░░░░░░░░  0.0% (0/1)
Web Bundled 383ms index.ts (1 module)
 LOG  [web] Logs will appear in the browser console
Web .\index.ts ░░░░░░░░░░░░░░░░  0.0% (0/1)
Web Bundled 54ms index.ts (1 module)
 LOG  [web] Logs will appear in the browser console
Web .\index.ts ░░░░░░░░░░░░░░░░  0.0% (0/1)
Web Bundled 75ms index.ts (1 module)
 LOG  [web] Logs will appear in the browser console
Web .\index.ts ░░░░░░░░░░░░░░░░  0.0% (0/1)
Web Bundled 160ms index.ts (1 module)
 LOG  [web] Logs will appear in the browser console
Web .\index.ts ░░░░░░░░░░░░░░░░  0.0% (0/1)
Web Bundled 438ms index.ts (1 module)
 LOG  [web] Logs will appear in the browser console
